<?xml version="1.0" encoding="UTF-8"?>
<!-- Generated by org.testng.reporters.JUnitXMLReporter -->
<testsuite ignored="0" hostname="Gurpreet" failures="0" tests="2" name="Linux-Firefox" time="25.683" errors="0" timestamp="2026-09-01T21:05:28 EDT">
  <testcase classname="testCases.TC001_AccountRegistrationTest" name="verify_account_registration" time="0.0">
    <skipped/>
  </testcase> <!-- verify_account_registration -->
  <testcase classname="testCases.TC002_LoginTest" name="verify_login" time="3.143"/>
</testsuite> <!-- Linux-Firefox -->
